<?xml version="1.0" encoding="UTF-8"?>
<!-- Generated by org.testng.reporters.JUnitReportReporter -->
<testsuite hostname="Vrindavan" failures="0" tests="1" name="orgModule.CreateOrganizationTest" time="0.028" errors="0" timestamp="2024-10-20T19:25:15 IST" skipped="0">
  <testcase classname="orgModule.CreateOrganizationTest" name="createOrg" time="0.028">
    <system-out>
      <![CDATA[Created Organization successfully]]>
    </system-out>
  </testcase> <!-- createOrg -->
  <system-out>
    <![CDATA[Created Organization successfully]]>
  </system-out>
</testsuite> <!-- orgModule.CreateOrganizationTest -->
